<html>
<head>
<title>TestNG:  Test1</title>
<link href="../testng.css" rel="stylesheet" type="text/css" />
<link href="../my-testng.css" rel="stylesheet" type="text/css" />

<style type="text/css">
.log { display: none;} 
.stack-trace { display: none;} 
</style>
<script type="text/javascript">
<!--
function flip(e) {
  current = e.style.display;
  if (current == 'block') {
    e.style.display = 'none';
    return 0;
  }
  else {
    e.style.display = 'block';
    return 1;
  }
}

function toggleBox(szDivId, elem, msg1, msg2)
{
  var res = -1;  if (document.getElementById) {
    res = flip(document.getElementById(szDivId));
  }
  else if (document.all) {
    // this is the way old msie versions work
    res = flip(document.all[szDivId]);
  }
  if(elem) {
    if(res == 0) elem.innerHTML = msg1; else elem.innerHTML = msg2;
  }

}

function toggleAllBoxes() {
  if (document.getElementsByTagName) {
    d = document.getElementsByTagName('div');
    for (i = 0; i < d.length; i++) {
      if (d[i].className == 'log') {
        flip(d[i]);
      }
    }
  }
}

// -->
</script>

</head>
<body>
<h2 align='center'>Test1</h2><table border='1' align="center">
<tr>
<td>Tests passed/Failed/Skipped:</td><td>11/4/0</td>
</tr><tr>
<td>Started on:</td><td>Tue Jan 24 10:10:17 MSK 2017</td>
</tr>
<tr><td>Total time:</td><td>0 seconds (32 ms)</td>
</tr><tr>
<td>Included groups:</td><td></td>
</tr><tr>
<td>Excluded groups:</td><td></td>
</tr>
</table><p/>
<small><i>(Hover the method name to see the test class name)</i></small><p/>
<table width='100%' border='1' class='invocation-failed'>
<tr><td colspan='4' align='center'><b>FAILED TESTS</b></td></tr>
<tr><td><b>Test method</b></td>
<td width="30%"><b>Exception</b></td>
<td width="10%"><b>Time (seconds)</b></td>
<td><b>Instance</b></td>
</tr>
<tr>
<td title='com.MemoryRelatedTests.SubtractionFromMemory.checkAddingNegativeValue()'><b>checkAddingNegativeValue</b><br>Test class: com.MemoryRelatedTests.SubtractionFromMemory<br>Test method: Subtracting negative value from subtracted positive value</td>
<td><div><pre>java.lang.AssertionError: Subtracting negative value from subtracted positive value result is wrong! expected [-4.0] but found [-8.0]
	at com.MemoryRelatedTests.SubtractionFromMemory.checkAddingNegativeValue(SubtractionFromMemory.java:74)
... Removed 28 stack frames</pre></div><a href='#' onClick='toggleBox("stack-trace510464020", this, "Click to show all stack frames", "Click to hide stack frames")'>Click to show all stack frames</a>
<div class='stack-trace' id='stack-trace510464020'><pre>java.lang.AssertionError: Subtracting negative value from subtracted positive value result is wrong! expected [-4.0] but found [-8.0]
	at org.testng.Assert.fail(Assert.java:94)
	at org.testng.Assert.failNotEquals(Assert.java:494)
	at org.testng.Assert.assertEquals(Assert.java:207)
	at com.MemoryRelatedTests.SubtractionFromMemory.checkAddingNegativeValue(SubtractionFromMemory.java:74)
	at sun.reflect.NativeMethodAccessorImpl.invoke0(Native Method)
	at sun.reflect.NativeMethodAccessorImpl.invoke(Unknown Source)
	at sun.reflect.DelegatingMethodAccessorImpl.invoke(Unknown Source)
	at java.lang.reflect.Method.invoke(Unknown Source)
	at org.testng.internal.MethodInvocationHelper.invokeMethod(MethodInvocationHelper.java:84)
	at org.testng.internal.Invoker.invokeMethod(Invoker.java:714)
	at org.testng.internal.Invoker.invokeTestMethod(Invoker.java:901)
	at org.testng.internal.Invoker.invokeTestMethods(Invoker.java:1231)
	at org.testng.internal.TestMethodWorker.invokeTestMethods(TestMethodWorker.java:127)
	at org.testng.internal.TestMethodWorker.run(TestMethodWorker.java:111)
	at org.testng.TestRunner.privateRun(TestRunner.java:767)
	at org.testng.TestRunner.run(TestRunner.java:617)
	at org.testng.SuiteRunner.runTest(SuiteRunner.java:334)
	at org.testng.SuiteRunner.runSequentially(SuiteRunner.java:329)
	at org.testng.SuiteRunner.privateRun(SuiteRunner.java:291)
	at org.testng.SuiteRunner.run(SuiteRunner.java:240)
	at org.testng.SuiteRunnerWorker.runSuite(SuiteRunnerWorker.java:52)
	at org.testng.SuiteRunnerWorker.run(SuiteRunnerWorker.java:86)
	at org.testng.TestNG.runSuitesSequentially(TestNG.java:1224)
	at org.testng.TestNG.runSuitesSequentially(TestNG.java:1220)
	at org.testng.TestNG.runSuitesLocally(TestNG.java:1149)
	at org.testng.TestNG.run(TestNG.java:1057)
	at org.testng.remote.AbstractRemoteTestNG.run(AbstractRemoteTestNG.java:132)
	at org.testng.remote.RemoteTestNG.initAndRun(RemoteTestNG.java:236)
	at org.testng.remote.RemoteTestNG.main(RemoteTestNG.java:81)
</pre></div></td>
<td>0</td>
<td>com.MemoryRelatedTests.SubtractionFromMemory@53b32d7</td></tr>
<tr>
<td title='com.MemoryRelatedTests.SubtractionFromMemory.checkAddingZero()'><b>checkAddingZero</b><br>Test class: com.MemoryRelatedTests.SubtractionFromMemory<br>Test method: Subtracting zero</td>
<td><div><pre>java.lang.AssertionError: Subtracting zero result is wrong! expected [0.0] but found [-8.0]
	at com.MemoryRelatedTests.SubtractionFromMemory.checkAddingZero(SubtractionFromMemory.java:60)
... Removed 28 stack frames</pre></div><a href='#' onClick='toggleBox("stack-trace1632492873", this, "Click to show all stack frames", "Click to hide stack frames")'>Click to show all stack frames</a>
<div class='stack-trace' id='stack-trace1632492873'><pre>java.lang.AssertionError: Subtracting zero result is wrong! expected [0.0] but found [-8.0]
	at org.testng.Assert.fail(Assert.java:94)
	at org.testng.Assert.failNotEquals(Assert.java:494)
	at org.testng.Assert.assertEquals(Assert.java:207)
	at com.MemoryRelatedTests.SubtractionFromMemory.checkAddingZero(SubtractionFromMemory.java:60)
	at sun.reflect.NativeMethodAccessorImpl.invoke0(Native Method)
	at sun.reflect.NativeMethodAccessorImpl.invoke(Unknown Source)
	at sun.reflect.DelegatingMethodAccessorImpl.invoke(Unknown Source)
	at java.lang.reflect.Method.invoke(Unknown Source)
	at org.testng.internal.MethodInvocationHelper.invokeMethod(MethodInvocationHelper.java:84)
	at org.testng.internal.Invoker.invokeMethod(Invoker.java:714)
	at org.testng.internal.Invoker.invokeTestMethod(Invoker.java:901)
	at org.testng.internal.Invoker.invokeTestMethods(Invoker.java:1231)
	at org.testng.internal.TestMethodWorker.invokeTestMethods(TestMethodWorker.java:127)
	at org.testng.internal.TestMethodWorker.run(TestMethodWorker.java:111)
	at org.testng.TestRunner.privateRun(TestRunner.java:767)
	at org.testng.TestRunner.run(TestRunner.java:617)
	at org.testng.SuiteRunner.runTest(SuiteRunner.java:334)
	at org.testng.SuiteRunner.runSequentially(SuiteRunner.java:329)
	at org.testng.SuiteRunner.privateRun(SuiteRunner.java:291)
	at org.testng.SuiteRunner.run(SuiteRunner.java:240)
	at org.testng.SuiteRunnerWorker.runSuite(SuiteRunnerWorker.java:52)
	at org.testng.SuiteRunnerWorker.run(SuiteRunnerWorker.java:86)
	at org.testng.TestNG.runSuitesSequentially(TestNG.java:1224)
	at org.testng.TestNG.runSuitesSequentially(TestNG.java:1220)
	at org.testng.TestNG.runSuitesLocally(TestNG.java:1149)
	at org.testng.TestNG.run(TestNG.java:1057)
	at org.testng.remote.AbstractRemoteTestNG.run(AbstractRemoteTestNG.java:132)
	at org.testng.remote.RemoteTestNG.initAndRun(RemoteTestNG.java:236)
	at org.testng.remote.RemoteTestNG.main(RemoteTestNG.java:81)
</pre></div></td>
<td>0</td>
<td>com.MemoryRelatedTests.SubtractionFromMemory@53b32d7</td></tr>
<tr>
<td title='com.MemoryRelatedTests.SubtractionFromMemory.checkSubtractNegativeValue()'><b>checkSubtractNegativeValue</b><br>Test class: com.MemoryRelatedTests.SubtractionFromMemory<br>Test method: Subtract negative value test</td>
<td><div><pre>java.lang.AssertionError: Subtract negative value result is wrong! expected [5.0] but found [2.0]
	at com.MemoryRelatedTests.SubtractionFromMemory.checkSubtractNegativeValue(SubtractionFromMemory.java:45)
... Removed 28 stack frames</pre></div><a href='#' onClick='toggleBox("stack-trace1766724936", this, "Click to show all stack frames", "Click to hide stack frames")'>Click to show all stack frames</a>
<div class='stack-trace' id='stack-trace1766724936'><pre>java.lang.AssertionError: Subtract negative value result is wrong! expected [5.0] but found [2.0]
	at org.testng.Assert.fail(Assert.java:94)
	at org.testng.Assert.failNotEquals(Assert.java:494)
	at org.testng.Assert.assertEquals(Assert.java:207)
	at com.MemoryRelatedTests.SubtractionFromMemory.checkSubtractNegativeValue(SubtractionFromMemory.java:45)
	at sun.reflect.NativeMethodAccessorImpl.invoke0(Native Method)
	at sun.reflect.NativeMethodAccessorImpl.invoke(Unknown Source)
	at sun.reflect.DelegatingMethodAccessorImpl.invoke(Unknown Source)
	at java.lang.reflect.Method.invoke(Unknown Source)
	at org.testng.internal.MethodInvocationHelper.invokeMethod(MethodInvocationHelper.java:84)
	at org.testng.internal.Invoker.invokeMethod(Invoker.java:714)
	at org.testng.internal.Invoker.invokeTestMethod(Invoker.java:901)
	at org.testng.internal.Invoker.invokeTestMethods(Invoker.java:1231)
	at org.testng.internal.TestMethodWorker.invokeTestMethods(TestMethodWorker.java:127)
	at org.testng.internal.TestMethodWorker.run(TestMethodWorker.java:111)
	at org.testng.TestRunner.privateRun(TestRunner.java:767)
	at org.testng.TestRunner.run(TestRunner.java:617)
	at org.testng.SuiteRunner.runTest(SuiteRunner.java:334)
	at org.testng.SuiteRunner.runSequentially(SuiteRunner.java:329)
	at org.testng.SuiteRunner.privateRun(SuiteRunner.java:291)
	at org.testng.SuiteRunner.run(SuiteRunner.java:240)
	at org.testng.SuiteRunnerWorker.runSuite(SuiteRunnerWorker.java:52)
	at org.testng.SuiteRunnerWorker.run(SuiteRunnerWorker.java:86)
	at org.testng.TestNG.runSuitesSequentially(TestNG.java:1224)
	at org.testng.TestNG.runSuitesSequentially(TestNG.java:1220)
	at org.testng.TestNG.runSuitesLocally(TestNG.java:1149)
	at org.testng.TestNG.run(TestNG.java:1057)
	at org.testng.remote.AbstractRemoteTestNG.run(AbstractRemoteTestNG.java:132)
	at org.testng.remote.RemoteTestNG.initAndRun(RemoteTestNG.java:236)
	at org.testng.remote.RemoteTestNG.main(RemoteTestNG.java:81)
</pre></div></td>
<td>0</td>
<td>com.MemoryRelatedTests.SubtractionFromMemory@53b32d7</td></tr>
<tr>
<td title='com.MemoryRelatedTests.SubtractionFromMemory.subtractFromDefautValue()'><b>subtractFromDefautValue</b><br>Test class: com.MemoryRelatedTests.SubtractionFromMemory<br>Test method: Sutracting from default value test</td>
<td><div><pre>java.lang.AssertionError: Sutracting from default value result is wrong! expected [5.0] but found [-8.0]
	at com.MemoryRelatedTests.SubtractionFromMemory.subtractFromDefautValue(SubtractionFromMemory.java:33)
... Removed 28 stack frames</pre></div><a href='#' onClick='toggleBox("stack-trace319977154", this, "Click to show all stack frames", "Click to hide stack frames")'>Click to show all stack frames</a>
<div class='stack-trace' id='stack-trace319977154'><pre>java.lang.AssertionError: Sutracting from default value result is wrong! expected [5.0] but found [-8.0]
	at org.testng.Assert.fail(Assert.java:94)
	at org.testng.Assert.failNotEquals(Assert.java:494)
	at org.testng.Assert.assertEquals(Assert.java:207)
	at com.MemoryRelatedTests.SubtractionFromMemory.subtractFromDefautValue(SubtractionFromMemory.java:33)
	at sun.reflect.NativeMethodAccessorImpl.invoke0(Native Method)
	at sun.reflect.NativeMethodAccessorImpl.invoke(Unknown Source)
	at sun.reflect.DelegatingMethodAccessorImpl.invoke(Unknown Source)
	at java.lang.reflect.Method.invoke(Unknown Source)
	at org.testng.internal.MethodInvocationHelper.invokeMethod(MethodInvocationHelper.java:84)
	at org.testng.internal.Invoker.invokeMethod(Invoker.java:714)
	at org.testng.internal.Invoker.invokeTestMethod(Invoker.java:901)
	at org.testng.internal.Invoker.invokeTestMethods(Invoker.java:1231)
	at org.testng.internal.TestMethodWorker.invokeTestMethods(TestMethodWorker.java:127)
	at org.testng.internal.TestMethodWorker.run(TestMethodWorker.java:111)
	at org.testng.TestRunner.privateRun(TestRunner.java:767)
	at org.testng.TestRunner.run(TestRunner.java:617)
	at org.testng.SuiteRunner.runTest(SuiteRunner.java:334)
	at org.testng.SuiteRunner.runSequentially(SuiteRunner.java:329)
	at org.testng.SuiteRunner.privateRun(SuiteRunner.java:291)
	at org.testng.SuiteRunner.run(SuiteRunner.java:240)
	at org.testng.SuiteRunnerWorker.runSuite(SuiteRunnerWorker.java:52)
	at org.testng.SuiteRunnerWorker.run(SuiteRunnerWorker.java:86)
	at org.testng.TestNG.runSuitesSequentially(TestNG.java:1224)
	at org.testng.TestNG.runSuitesSequentially(TestNG.java:1220)
	at org.testng.TestNG.runSuitesLocally(TestNG.java:1149)
	at org.testng.TestNG.run(TestNG.java:1057)
	at org.testng.remote.AbstractRemoteTestNG.run(AbstractRemoteTestNG.java:132)
	at org.testng.remote.RemoteTestNG.initAndRun(RemoteTestNG.java:236)
	at org.testng.remote.RemoteTestNG.main(RemoteTestNG.java:81)
</pre></div></td>
<td>0</td>
<td>com.MemoryRelatedTests.SubtractionFromMemory@53b32d7</td></tr>
</table><p>
<table width='100%' border='1' class='invocation-passed'>
<tr><td colspan='4' align='center'><b>PASSED TESTS</b></td></tr>
<tr><td><b>Test method</b></td>
<td width="30%"><b>Exception</b></td>
<td width="10%"><b>Time (seconds)</b></td>
<td><b>Instance</b></td>
</tr>
<tr>
<td title='com.MemoryRelatedTests.AdditionToMemory.checkAddOnePositiveValues()'><b>checkAddOnePositiveValues</b><br>Test class: com.MemoryRelatedTests.AdditionToMemory<br>Test method: Adding two positive values test</td>
<td></td>
<td>0</td>
<td>com.MemoryRelatedTests.AdditionToMemory@548e7350</td></tr>
<tr>
<td title='com.MemoryRelatedTests.AdditionToMemory.checkAddPositiveValue()'><b>checkAddPositiveValue</b><br>Test class: com.MemoryRelatedTests.AdditionToMemory<br>Test method: Adding one positive value test</td>
<td></td>
<td>0</td>
<td>com.MemoryRelatedTests.AdditionToMemory@548e7350</td></tr>
<tr>
<td title='com.MemoryRelatedTests.AdditionToMemory.checkAddingNegativeValue()'><b>checkAddingNegativeValue</b><br>Test class: com.MemoryRelatedTests.AdditionToMemory<br>Test method: Adding negative value</td>
<td></td>
<td>0</td>
<td>com.MemoryRelatedTests.AdditionToMemory@548e7350</td></tr>
<tr>
<td title='com.MemoryRelatedTests.AdditionToMemory.checkAddingZero()'><b>checkAddingZero</b><br>Test class: com.MemoryRelatedTests.AdditionToMemory<br>Test method: Adding zero</td>
<td></td>
<td>0</td>
<td>com.MemoryRelatedTests.AdditionToMemory@548e7350</td></tr>
<tr>
<td title='com.MemoryRelatedTests.ClearingMemory.checkDefaultStateMemory()'><b>checkDefaultStateMemory</b><br>Test class: com.MemoryRelatedTests.ClearingMemory<br>Test method: Defauilt State test</td>
<td></td>
<td>0</td>
<td>com.MemoryRelatedTests.ClearingMemory@77cd7a0</td></tr>
<tr>
<td title='com.MemoryRelatedTests.ClearingMemory.checkDoubleClearing()'><b>checkDoubleClearing</b><br>Test class: com.MemoryRelatedTests.ClearingMemory<br>Test method: Clearing already cleared memory test</td>
<td></td>
<td>0</td>
<td>com.MemoryRelatedTests.ClearingMemory@77cd7a0</td></tr>
<tr>
<td title='com.MemoryRelatedTests.SetAndGetMemoTest.checkNegativeFloatSetMemory()'><b>checkNegativeFloatSetMemory</b><br>Test class: com.MemoryRelatedTests.SetAndGetMemoTest<br>Test method: Simple memory set</td>
<td></td>
<td>0</td>
<td>com.MemoryRelatedTests.SetAndGetMemoTest@5442a311</td></tr>
<tr>
<td title='com.MemoryRelatedTests.SetAndGetMemoTest.checkNegativeIntegerSetMemory()'><b>checkNegativeIntegerSetMemory</b><br>Test class: com.MemoryRelatedTests.SetAndGetMemoTest<br>Test method: Negative memory set</td>
<td></td>
<td>0</td>
<td>com.MemoryRelatedTests.SetAndGetMemoTest@5442a311</td></tr>
<tr>
<td title='com.MemoryRelatedTests.SetAndGetMemoTest.checkPositiveIntegerSetMemory()'><b>checkPositiveIntegerSetMemory</b><br>Test class: com.MemoryRelatedTests.SetAndGetMemoTest<br>Test method: Simple memory set</td>
<td></td>
<td>0</td>
<td>com.MemoryRelatedTests.SetAndGetMemoTest@5442a311</td></tr>
<tr>
<td title='com.MemoryRelatedTests.ClearingMemory.checkVaueAfterClearing()'><b>checkVaueAfterClearing</b><br>Test class: com.MemoryRelatedTests.ClearingMemory<br>Test method: Clearing memory test</td>
<td></td>
<td>0</td>
<td>com.MemoryRelatedTests.ClearingMemory@77cd7a0</td></tr>
<tr>
<td title='com.MemoryRelatedTests.SetAndGetMemoTest.checkZeroSetMemory()'><b>checkZeroSetMemory</b><br>Test class: com.MemoryRelatedTests.SetAndGetMemoTest<br>Test method: Zero memory set</td>
<td></td>
<td>0</td>
<td>com.MemoryRelatedTests.SetAndGetMemoTest@5442a311</td></tr>
</table><p>
</body>
</html>